[2026-05-30 12:50:00,110] INFO - FastAPI-Feedback - Feedback submitted successfully - email=test@example.com, category=bug, rating=3, feedback_id=da74a4cd-13f5-4ddb-a316-c121c1d89a94, correlation_id=0e91ad3d-b0ef-4a6e-9ecd-0740af5a6c5b
[2026-05-30 12:50:00,111] INFO - FastAPI-Feedback - Request completed - method=POST, path=/api/feedback, status_code=201, correlation_id=0e91ad3d-b0ef-4a6e-9ecd-0740af5a6c5b
[2026-05-30 12:50:00,119] INFO - FastAPI-Feedback - Request completed - method=POST, path=/api/feedback, status_code=422, correlation_id=30d330ae-f3ed-4024-812b-237a69f5118b
[2026-05-30 12:50:00,125] INFO - FastAPI-Feedback - Request completed - method=POST, path=/api/feedback, status_code=422, correlation_id=1b7f8b86-919b-4518-956d-b9a7453c1e71
[2026-05-30 12:50:00,131] INFO - FastAPI-Feedback - Request completed - method=POST, path=/api/feedback, status_code=422, correlation_id=495ccbf4-d15f-499e-b133-7a2c2bb81966
[2026-05-30 12:50:00,138] INFO - FastAPI-Feedback - Request completed - method=POST, path=/api/feedback, status_code=422, correlation_id=2c46ed70-e8ba-4be1-94bd-8f8b9f9ed701
[2026-05-30 12:50:00,155] INFO - FastAPI-Feedback - Feedback submitted successfully - email=test@example.com, category=bug, rating=3, feedback_id=d4ccb0fa-f83c-46e8-82a1-50825a2c7a52, correlation_id=a8ac8339-9fd3-4362-9986-07ceebdec0ff
[2026-05-30 12:50:00,156] INFO - FastAPI-Feedback - Request completed - method=POST, path=/api/feedback, status_code=201, correlation_id=a8ac8339-9fd3-4362-9986-07ceebdec0ff
[2026-05-30 12:50:00,162] INFO - FastAPI-Feedback - Feedback retrieved - count=1, category=None, correlation_id=1255f2a4-d071-4b3c-b534-5da925f138bc
[2026-05-30 12:50:00,163] INFO - FastAPI-Feedback - Request completed - method=GET, path=/api/feedback, status_code=200, correlation_id=1255f2a4-d071-4b3c-b534-5da925f138bc
[2026-05-30 12:50:00,175] WARNING - FastAPI-Feedback - No feedback found - category=None, skip=0, limit=100, correlation_id=5da7dd40-1774-40a9-92e0-cf907daefed9
[2026-05-30 12:50:00,176] INFO - FastAPI-Feedback - Request completed - method=GET, path=/api/feedback, status_code=404, correlation_id=5da7dd40-1774-40a9-92e0-cf907daefed9
[2026-05-30 12:50:00,192] INFO - FastAPI-Feedback - Feedback submitted successfully - email=test@example.com, category=bug, rating=4, feedback_id=606a46e5-7c31-4666-a462-3de6c2017386, correlation_id=46118528-ac07-41e8-95c5-368439b4dbfd
[2026-05-30 12:50:00,192] INFO - FastAPI-Feedback - Request completed - method=POST, path=/api/feedback, status_code=201, correlation_id=46118528-ac07-41e8-95c5-368439b4dbfd
[2026-05-30 12:50:00,198] INFO - FastAPI-Feedback - Feedback stats retrieved - total=1, avg_rating=4.0, correlation_id=b36376de-7a98-44d6-a81b-69eba6b27736
[2026-05-30 12:50:00,199] INFO - FastAPI-Feedback - Request completed - method=GET, path=/api/feedback/stats, status_code=200, correlation_id=b36376de-7a98-44d6-a81b-69eba6b27736
[2026-05-30 12:50:00,215] INFO - FastAPI-Feedback - Feedback submitted successfully - email=test@example.com, category=bug, rating=3, feedback_id=36efc7ef-765c-4d58-a4c2-f5c4b4e879ec, correlation_id=64f73697-771d-45ab-887b-dce5c3250d14
[2026-05-30 12:50:00,216] INFO - FastAPI-Feedback - Request completed - method=POST, path=/api/feedback, status_code=201, correlation_id=64f73697-771d-45ab-887b-dce5c3250d14
[2026-05-30 12:50:00,227] INFO - FastAPI-Feedback - Feedback deleted successfully - feedback_id=36efc7ef-765c-4d58-a4c2-f5c4b4e879ec, email=test@example.com, correlation_id=20400c97-daab-4e7d-bdea-268db8c8cc81
[2026-05-30 12:50:00,228] INFO - FastAPI-Feedback - Request completed - method=DELETE, path=/api/feedback/36efc7ef-765c-4d58-a4c2-f5c4b4e879ec, status_code=200, correlation_id=20400c97-daab-4e7d-bdea-268db8c8cc81
[2026-05-30 12:50:23,495] INFO - FastAPI-Feedback - Feedback submitted successfully - email=test@example.com, category=bug, rating=3, feedback_id=486d67db-e8b7-416f-96de-25dccbe013c2, correlation_id=592642bc-215e-4fbf-a879-70ffd08d881b
[2026-05-30 12:50:23,496] INFO - FastAPI-Feedback - Request completed - method=POST, path=/api/feedback, status_code=201, correlation_id=592642bc-215e-4fbf-a879-70ffd08d881b
[2026-05-30 12:50:23,503] INFO - FastAPI-Feedback - Request completed - method=POST, path=/api/feedback, status_code=422, correlation_id=a6fec8a1-ec79-4e8a-91ee-844b58dfcd0d
[2026-05-30 12:50:23,509] INFO - FastAPI-Feedback - Request completed - method=POST, path=/api/feedback, status_code=422, correlation_id=01674601-316a-4f75-8836-3aa789d3e77c
[2026-05-30 12:50:23,516] INFO - FastAPI-Feedback - Request completed - method=POST, path=/api/feedback, status_code=422, correlation_id=04f9e1e4-f826-4e2c-b5fa-3dfc4bec47c2
[2026-05-30 12:50:23,521] INFO - FastAPI-Feedback - Request completed - method=POST, path=/api/feedback, status_code=422, correlation_id=cea36935-281a-4196-bfa0-58b272949f2c
[2026-05-30 12:50:23,538] INFO - FastAPI-Feedback - Feedback submitted successfully - email=test@example.com, category=bug, rating=3, feedback_id=ba2ca22e-32d4-401f-abdc-e085d6e17a1f, correlation_id=e4ab50ef-84f8-4e60-bf53-9113fde20c46
[2026-05-30 12:50:23,539] INFO - FastAPI-Feedback - Request completed - method=POST, path=/api/feedback, status_code=201, correlation_id=e4ab50ef-84f8-4e60-bf53-9113fde20c46
[2026-05-30 12:50:23,547] INFO - FastAPI-Feedback - Feedback retrieved - count=1, category=None, correlation_id=6e3c385f-79f7-4f00-9366-a062ec53ea31
[2026-05-30 12:50:23,548] INFO - FastAPI-Feedback - Request completed - method=GET, path=/api/feedback, status_code=200, correlation_id=6e3c385f-79f7-4f00-9366-a062ec53ea31
[2026-05-30 12:50:23,560] WARNING - FastAPI-Feedback - No feedback found - category=None, skip=0, limit=100, correlation_id=9d5b2d8d-acc7-4c3e-beed-6f41e8821d60
[2026-05-30 12:50:23,561] INFO - FastAPI-Feedback - Request completed - method=GET, path=/api/feedback, status_code=404, correlation_id=9d5b2d8d-acc7-4c3e-beed-6f41e8821d60
[2026-05-30 12:50:23,578] INFO - FastAPI-Feedback - Feedback submitted successfully - email=test@example.com, category=bug, rating=4, feedback_id=ad0b6619-db55-4eb7-a4c3-d01ab7ccb93a, correlation_id=8fee996e-f337-4dcf-b03d-25da1ef2be18
[2026-05-30 12:50:23,579] INFO - FastAPI-Feedback - Request completed - method=POST, path=/api/feedback, status_code=201, correlation_id=8fee996e-f337-4dcf-b03d-25da1ef2be18
[2026-05-30 12:50:23,585] INFO - FastAPI-Feedback - Feedback stats retrieved - total=1, avg_rating=4.0, correlation_id=95bb52c3-83dc-4726-b633-fe915cf5fae2
[2026-05-30 12:50:23,586] INFO - FastAPI-Feedback - Request completed - method=GET, path=/api/feedback/stats, status_code=200, correlation_id=95bb52c3-83dc-4726-b633-fe915cf5fae2
[2026-05-30 12:50:23,602] INFO - FastAPI-Feedback - Feedback submitted successfully - email=test@example.com, category=bug, rating=3, feedback_id=baa51bf5-aacb-4a1c-8d51-7578f176d94d, correlation_id=e3d8ee45-8ba0-4c05-8c4f-ee7b15d48daf
[2026-05-30 12:50:23,602] INFO - FastAPI-Feedback - Request completed - method=POST, path=/api/feedback, status_code=201, correlation_id=e3d8ee45-8ba0-4c05-8c4f-ee7b15d48daf
[2026-05-30 12:50:23,613] INFO - FastAPI-Feedback - Feedback deleted successfully - feedback_id=baa51bf5-aacb-4a1c-8d51-7578f176d94d, email=test@example.com, correlation_id=6af4c670-f144-4997-a957-f9e48d1d0406
[2026-05-30 12:50:23,614] INFO - FastAPI-Feedback - Request completed - method=DELETE, path=/api/feedback/baa51bf5-aacb-4a1c-8d51-7578f176d94d, status_code=200, correlation_id=6af4c670-f144-4997-a957-f9e48d1d0406
[2026-05-30 12:50:44,628] INFO - FastAPI-Feedback - Feedback submitted successfully - email=test@example.com, category=bug, rating=3, feedback_id=c3b78f60-8808-4d5a-bffd-9b669817f0e2, correlation_id=c22a35c2-3d80-4358-998b-7382b82a7b99
[2026-05-30 12:50:44,629] INFO - FastAPI-Feedback - Request completed - method=POST, path=/api/feedback, status_code=201, correlation_id=c22a35c2-3d80-4358-998b-7382b82a7b99
[2026-05-30 12:50:44,638] INFO - FastAPI-Feedback - Request completed - method=POST, path=/api/feedback, status_code=422, correlation_id=b4b67a07-2110-48f7-9bc7-9332aa36259e
[2026-05-30 12:50:44,643] INFO - FastAPI-Feedback - Request completed - method=POST, path=/api/feedback, status_code=422, correlation_id=672d0cea-e88f-4cb3-9d11-813ffd76bf45
[2026-05-30 12:50:44,650] INFO - FastAPI-Feedback - Request completed - method=POST, path=/api/feedback, status_code=422, correlation_id=b1410038-6fc8-4cd5-b022-7e3d7fab7776
[2026-05-30 12:50:44,657] INFO - FastAPI-Feedback - Request completed - method=POST, path=/api/feedback, status_code=422, correlation_id=e940c24c-f3d0-4a6c-a930-302f3201749a
[2026-05-30 12:50:44,675] INFO - FastAPI-Feedback - Feedback submitted successfully - email=test@example.com, category=bug, rating=3, feedback_id=5ca045d9-c215-4239-9c9d-3dba7332545c, correlation_id=6220f45f-2fa3-4165-a1c4-a02b6f0b1fbd
[2026-05-30 12:50:44,675] INFO - FastAPI-Feedback - Request completed - method=POST, path=/api/feedback, status_code=201, correlation_id=6220f45f-2fa3-4165-a1c4-a02b6f0b1fbd
[2026-05-30 12:50:44,682] INFO - FastAPI-Feedback - Feedback retrieved - count=1, category=None, correlation_id=f84bc685-7373-4ac2-8f30-507f6946a03e
[2026-05-30 12:50:44,683] INFO - FastAPI-Feedback - Request completed - method=GET, path=/api/feedback, status_code=200, correlation_id=f84bc685-7373-4ac2-8f30-507f6946a03e
[2026-05-30 12:50:44,696] WARNING - FastAPI-Feedback - No feedback found - category=None, skip=0, limit=100, correlation_id=93bda569-8fab-48d2-bf20-8acbdb71de40
[2026-05-30 12:50:44,696] INFO - FastAPI-Feedback - Request completed - method=GET, path=/api/feedback, status_code=404, correlation_id=93bda569-8fab-48d2-bf20-8acbdb71de40
[2026-05-30 12:50:44,712] INFO - FastAPI-Feedback - Feedback submitted successfully - email=test@example.com, category=bug, rating=4, feedback_id=09e5e018-506b-4aa1-95ba-1b60bd31f39a, correlation_id=20687d8a-017c-4e3a-8ef5-223ae9c608a5
[2026-05-30 12:50:44,713] INFO - FastAPI-Feedback - Request completed - method=POST, path=/api/feedback, status_code=201, correlation_id=20687d8a-017c-4e3a-8ef5-223ae9c608a5
[2026-05-30 12:50:44,721] INFO - FastAPI-Feedback - Feedback stats retrieved - total=1, avg_rating=4.0, correlation_id=3535b5b9-8f2e-4f65-b386-572c762b6385
[2026-05-30 12:50:44,721] INFO - FastAPI-Feedback - Request completed - method=GET, path=/api/feedback/stats, status_code=200, correlation_id=3535b5b9-8f2e-4f65-b386-572c762b6385
[2026-05-30 12:50:44,738] INFO - FastAPI-Feedback - Feedback submitted successfully - email=test@example.com, category=bug, rating=3, feedback_id=e1add2de-87ea-493e-84c4-3bc7852e5a3d, correlation_id=9ccc94e3-4560-4fee-84c5-22c9dc3c2555
[2026-05-30 12:50:44,738] INFO - FastAPI-Feedback - Request completed - method=POST, path=/api/feedback, status_code=201, correlation_id=9ccc94e3-4560-4fee-84c5-22c9dc3c2555
[2026-05-30 12:50:44,747] INFO - FastAPI-Feedback - Feedback deleted successfully - feedback_id=e1add2de-87ea-493e-84c4-3bc7852e5a3d, email=test@example.com, correlation_id=1e1db24e-6d82-4d82-b8e9-f4f14bb2336c
[2026-05-30 12:50:44,748] INFO - FastAPI-Feedback - Request completed - method=DELETE, path=/api/feedback/e1add2de-87ea-493e-84c4-3bc7852e5a3d, status_code=200, correlation_id=1e1db24e-6d82-4d82-b8e9-f4f14bb2336c
[2026-05-30 12:51:49,972] INFO - FastAPI-Feedback - Feedback submitted successfully - email=test@example.com, category=bug, rating=3, feedback_id=495af9da-1291-4733-9cca-3459342437ad, correlation_id=73a85fae-d7e9-4ee2-94db-c8fc2976bd7b
[2026-05-30 12:51:49,973] INFO - FastAPI-Feedback - Request completed - method=POST, path=/api/feedback, status_code=201, correlation_id=73a85fae-d7e9-4ee2-94db-c8fc2976bd7b
[2026-05-30 12:51:49,980] WARNING - FastAPI-Feedback - Validation Error - details=email: value is not a valid email address: An email address must have an @-sign., request_id=b7c925c0-633d-4ef4-8345-c672efee66b2
[2026-05-30 12:51:49,981] INFO - FastAPI-Feedback - Request completed - method=POST, path=/api/feedback, status_code=422, correlation_id=b7c925c0-633d-4ef4-8345-c672efee66b2
[2026-05-30 12:51:49,987] WARNING - FastAPI-Feedback - Validation Error - details=category: Input should be 'bug', 'feature' or 'general', request_id=e19dbeee-d947-41c7-acc3-1040748b8425
[2026-05-30 12:51:49,988] INFO - FastAPI-Feedback - Request completed - method=POST, path=/api/feedback, status_code=422, correlation_id=e19dbeee-d947-41c7-acc3-1040748b8425
[2026-05-30 12:51:49,994] WARNING - FastAPI-Feedback - Validation Error - details=description: String should have at least 10 characters, request_id=62795902-e5dd-4c36-9aee-38ff64ac0f36
[2026-05-30 12:51:49,995] INFO - FastAPI-Feedback - Request completed - method=POST, path=/api/feedback, status_code=422, correlation_id=62795902-e5dd-4c36-9aee-38ff64ac0f36
[2026-05-30 12:51:50,000] WARNING - FastAPI-Feedback - Validation Error - details=rating: Input should be greater than or equal to 1, request_id=52d5375f-feb3-4507-a654-64bc28c42b5b
[2026-05-30 12:51:50,000] INFO - FastAPI-Feedback - Request completed - method=POST, path=/api/feedback, status_code=422, correlation_id=52d5375f-feb3-4507-a654-64bc28c42b5b
[2026-05-30 12:51:50,021] INFO - FastAPI-Feedback - Feedback submitted successfully - email=test@example.com, category=bug, rating=3, feedback_id=570be3f8-dc7a-4892-9a26-e9c1801c8742, correlation_id=4c769b50-71ad-4079-8777-1cd781fff1c7
[2026-05-30 12:51:50,022] INFO - FastAPI-Feedback - Request completed - method=POST, path=/api/feedback, status_code=201, correlation_id=4c769b50-71ad-4079-8777-1cd781fff1c7
[2026-05-30 12:51:50,028] INFO - FastAPI-Feedback - Feedback retrieved - count=1, category=None, correlation_id=9e4d380f-9603-4046-b0af-3406c3a58d8f
[2026-05-30 12:51:50,029] INFO - FastAPI-Feedback - Request completed - method=GET, path=/api/feedback, status_code=200, correlation_id=9e4d380f-9603-4046-b0af-3406c3a58d8f
[2026-05-30 12:51:50,042] WARNING - FastAPI-Feedback - No feedback found - category=None, skip=0, limit=100, correlation_id=6aa252c7-7f8c-4f95-bd05-0d57c874bcf0
[2026-05-30 12:51:50,042] ERROR - FastAPI-Feedback - API Error - type=NotFoundError, message=No feedback entries found, status_code=404, request_id=6aa252c7-7f8c-4f95-bd05-0d57c874bcf0
[2026-05-30 12:51:50,043] INFO - FastAPI-Feedback - Request completed - method=GET, path=/api/feedback, status_code=404, correlation_id=6aa252c7-7f8c-4f95-bd05-0d57c874bcf0
[2026-05-30 12:51:50,059] INFO - FastAPI-Feedback - Feedback submitted successfully - email=test@example.com, category=bug, rating=4, feedback_id=131c33e0-07fa-4aa1-9884-e3834710b3c0, correlation_id=01379ebd-4092-4c8b-af40-c01780a9d019
[2026-05-30 12:51:50,060] INFO - FastAPI-Feedback - Request completed - method=POST, path=/api/feedback, status_code=201, correlation_id=01379ebd-4092-4c8b-af40-c01780a9d019
[2026-05-30 12:51:50,066] INFO - FastAPI-Feedback - Feedback stats retrieved - total=1, avg_rating=4.0, correlation_id=d7c1baf7-024c-40d3-b45c-ca27921532e9
[2026-05-30 12:51:50,067] INFO - FastAPI-Feedback - Request completed - method=GET, path=/api/feedback/stats, status_code=200, correlation_id=d7c1baf7-024c-40d3-b45c-ca27921532e9
[2026-05-30 12:51:50,083] INFO - FastAPI-Feedback - Feedback submitted successfully - email=test@example.com, category=bug, rating=3, feedback_id=2f6533af-cb3a-4538-8b9a-5ff6784cfa31, correlation_id=06795fbd-ca02-42ad-8fac-7b7cdc7c3ead
[2026-05-30 12:51:50,084] INFO - FastAPI-Feedback - Request completed - method=POST, path=/api/feedback, status_code=201, correlation_id=06795fbd-ca02-42ad-8fac-7b7cdc7c3ead
[2026-05-30 12:51:50,094] INFO - FastAPI-Feedback - Feedback deleted successfully - feedback_id=2f6533af-cb3a-4538-8b9a-5ff6784cfa31, email=test@example.com, correlation_id=7b78f1a4-0156-4146-a5ab-b9b3388dfb39
[2026-05-30 12:51:50,095] INFO - FastAPI-Feedback - Request completed - method=DELETE, path=/api/feedback/2f6533af-cb3a-4538-8b9a-5ff6784cfa31, status_code=200, correlation_id=7b78f1a4-0156-4146-a5ab-b9b3388dfb39
[2026-05-30 12:52:02,721] WARNING - FastAPI-Feedback - No feedback found - category=None, skip=0, limit=100, correlation_id=62a3d602-61e3-4c35-bc5c-27f78cb4e29f
[2026-05-30 12:52:02,722] ERROR - FastAPI-Feedback - API Error - type=NotFoundError, message=No feedback entries found, status_code=404, request_id=62a3d602-61e3-4c35-bc5c-27f78cb4e29f
[2026-05-30 12:52:02,722] INFO - FastAPI-Feedback - Request completed - method=GET, path=/api/feedback, status_code=404, correlation_id=62a3d602-61e3-4c35-bc5c-27f78cb4e29f
[2026-05-30 12:52:02,729] WARNING - FastAPI-Feedback - Validation Error - details=email: value is not a valid email address: An email address must have an @-sign.; description: String should have at least 10 characters; rating: Input should be greater than or equal to 1, request_id=b8c5635e-6ff0-403b-8c4f-acbca7b3327f
[2026-05-30 12:52:02,729] INFO - FastAPI-Feedback - Request completed - method=POST, path=/api/feedback, status_code=422, correlation_id=b8c5635e-6ff0-403b-8c4f-acbca7b3327f
[2026-05-30 12:52:02,734] ERROR - FastAPI-Feedback - API Error - type=AuthenticationError, message=Invalid or missing API key, status_code=401, request_id=dd80a443-a489-4072-af5f-e69050a7d402
[2026-05-30 12:52:02,734] INFO - FastAPI-Feedback - Request completed - method=GET, path=/api/verify-key, status_code=401, correlation_id=dd80a443-a489-4072-af5f-e69050a7d402
[2026-05-30 12:52:18,958] INFO - FastAPI-Feedback - Feedback submitted successfully - email=test@example.com, category=bug, rating=3, feedback_id=94be6e34-dace-4393-90e3-d379d91c904b, correlation_id=ef3c4d5e-9b44-48d3-aeb9-592a1e3481e5
[2026-05-30 12:52:18,960] INFO - FastAPI-Feedback - Request completed - method=POST, path=/api/feedback, status_code=201, correlation_id=ef3c4d5e-9b44-48d3-aeb9-592a1e3481e5
[2026-05-30 12:52:18,971] WARNING - FastAPI-Feedback - Validation Error - details=email: value is not a valid email address: An email address must have an @-sign., request_id=b49d648d-7fa6-43b9-9a9a-6b28e6132d60
[2026-05-30 12:52:18,971] INFO - FastAPI-Feedback - Request completed - method=POST, path=/api/feedback, status_code=422, correlation_id=b49d648d-7fa6-43b9-9a9a-6b28e6132d60
[2026-05-30 12:52:18,977] WARNING - FastAPI-Feedback - Validation Error - details=category: Input should be 'bug', 'feature' or 'general', request_id=30ac7965-3ff2-4d16-bf55-611412ef26f4
[2026-05-30 12:52:18,977] INFO - FastAPI-Feedback - Request completed - method=POST, path=/api/feedback, status_code=422, correlation_id=30ac7965-3ff2-4d16-bf55-611412ef26f4
[2026-05-30 12:52:18,986] WARNING - FastAPI-Feedback - Validation Error - details=description: String should have at least 10 characters, request_id=460c1910-bb67-4ba0-9921-df6cbb24ab80
[2026-05-30 12:52:18,987] INFO - FastAPI-Feedback - Request completed - method=POST, path=/api/feedback, status_code=422, correlation_id=460c1910-bb67-4ba0-9921-df6cbb24ab80
[2026-05-30 12:52:18,992] WARNING - FastAPI-Feedback - Validation Error - details=rating: Input should be greater than or equal to 1, request_id=e280c94f-cf38-441f-a84a-9a29dc7ceb5f
[2026-05-30 12:52:18,992] INFO - FastAPI-Feedback - Request completed - method=POST, path=/api/feedback, status_code=422, correlation_id=e280c94f-cf38-441f-a84a-9a29dc7ceb5f
[2026-05-30 12:52:19,014] INFO - FastAPI-Feedback - Feedback submitted successfully - email=test@example.com, category=bug, rating=3, feedback_id=e1b2522a-ca96-4d9f-99de-15c220fa4ddd, correlation_id=de465d94-e511-43e9-ae89-7302c8781cac
[2026-05-30 12:52:19,016] INFO - FastAPI-Feedback - Request completed - method=POST, path=/api/feedback, status_code=201, correlation_id=de465d94-e511-43e9-ae89-7302c8781cac
[2026-05-30 12:52:19,022] INFO - FastAPI-Feedback - Feedback retrieved - count=1, category=None, correlation_id=08b42524-d37d-41fc-b969-c327e8351945
[2026-05-30 12:52:19,023] INFO - FastAPI-Feedback - Request completed - method=GET, path=/api/feedback, status_code=200, correlation_id=08b42524-d37d-41fc-b969-c327e8351945
[2026-05-30 12:52:19,036] WARNING - FastAPI-Feedback - No feedback found - category=None, skip=0, limit=100, correlation_id=bc8bde81-4c94-44df-9427-9ca435b86dc4
[2026-05-30 12:52:19,037] ERROR - FastAPI-Feedback - API Error - type=NotFoundError, message=No feedback entries found, status_code=404, request_id=bc8bde81-4c94-44df-9427-9ca435b86dc4
[2026-05-30 12:52:19,037] INFO - FastAPI-Feedback - Request completed - method=GET, path=/api/feedback, status_code=404, correlation_id=bc8bde81-4c94-44df-9427-9ca435b86dc4
[2026-05-30 12:52:19,056] INFO - FastAPI-Feedback - Feedback submitted successfully - email=test@example.com, category=bug, rating=4, feedback_id=14b0aad0-4b27-4ab8-ba8d-ff8dd6b3740e, correlation_id=6f193cee-dc0b-47cb-ada3-51f63c07f58c
[2026-05-30 12:52:19,057] INFO - FastAPI-Feedback - Request completed - method=POST, path=/api/feedback, status_code=201, correlation_id=6f193cee-dc0b-47cb-ada3-51f63c07f58c
[2026-05-30 12:52:19,066] INFO - FastAPI-Feedback - Feedback stats retrieved - total=1, avg_rating=4.0, correlation_id=2e451aae-0f53-4d58-b4fb-6dd1aec9df9f
[2026-05-30 12:52:19,067] INFO - FastAPI-Feedback - Request completed - method=GET, path=/api/feedback/stats, status_code=200, correlation_id=2e451aae-0f53-4d58-b4fb-6dd1aec9df9f
[2026-05-30 12:52:19,084] INFO - FastAPI-Feedback - Feedback submitted successfully - email=test@example.com, category=bug, rating=3, feedback_id=1e6b86ec-1669-449f-a4c3-01a4f7cd6e02, correlation_id=373e8cc0-9f0b-47ad-8c81-556d352e5c55
[2026-05-30 12:52:19,085] INFO - FastAPI-Feedback - Request completed - method=POST, path=/api/feedback, status_code=201, correlation_id=373e8cc0-9f0b-47ad-8c81-556d352e5c55
[2026-05-30 12:52:19,096] INFO - FastAPI-Feedback - Feedback deleted successfully - feedback_id=1e6b86ec-1669-449f-a4c3-01a4f7cd6e02, email=test@example.com, correlation_id=0e43a668-4341-4659-9d1a-36b379a70ce3
[2026-05-30 12:52:19,097] INFO - FastAPI-Feedback - Request completed - method=DELETE, path=/api/feedback/1e6b86ec-1669-449f-a4c3-01a4f7cd6e02, status_code=200, correlation_id=0e43a668-4341-4659-9d1a-36b379a70ce3
[2026-05-30 12:57:09,641] INFO - FastAPI-Feedback - Request completed - method=GET, path=/favicon.ico, status_code=404, correlation_id=bf4ace93-668b-46b5-b164-afeda1990e0f
[2026-05-30 12:57:11,062] INFO - FastAPI-Feedback - Request completed - method=GET, path=/, status_code=200, correlation_id=aabd8c18-ce3c-4925-825a-66a4fea20c0c
[2026-05-30 12:57:12,035] INFO - FastAPI-Feedback - Request completed - method=GET, path=/, status_code=200, correlation_id=cca7f9c8-d16c-4964-a9b6-c2cc03b3909e
[2026-05-30 12:57:12,066] INFO - FastAPI-Feedback - Request completed - method=GET, path=/favicon.ico, status_code=404, correlation_id=1e29d01b-2bd8-4b59-bce4-6d706f95dd46
[2026-05-30 12:57:13,268] INFO - FastAPI-Feedback - Request completed - method=GET, path=/, status_code=200, correlation_id=d2e0e999-6273-4f9f-8e72-e70bf0d0d6bb
[2026-05-30 12:57:13,301] INFO - FastAPI-Feedback - Request completed - method=GET, path=/favicon.ico, status_code=404, correlation_id=9b889c95-0aae-4dba-b66f-8d954d4a4858
[2026-05-30 12:57:14,501] INFO - FastAPI-Feedback - Request completed - method=GET, path=/feedback, status_code=200, correlation_id=973e9253-d453-4fdf-993b-6477a3baaef1
[2026-05-30 12:57:16,773] WARNING - FastAPI-Feedback - Missing API key in request
[2026-05-30 12:57:16,773] ERROR - FastAPI-Feedback - API Error - type=AuthenticationError, message=Invalid or missing API key, status_code=401, request_id=9cbbbeec-5279-43ed-9879-3991069b1810
[2026-05-30 12:57:16,774] INFO - FastAPI-Feedback - Request completed - method=GET, path=/admin, status_code=401, correlation_id=9cbbbeec-5279-43ed-9879-3991069b1810
[2026-05-30 12:58:40,136] INFO - FastAPI-Feedback - Feedback submitted successfully - email=example@gmail.com, category=general, rating=3, feedback_id=6b0e47a5-2369-412d-b0fa-c3169913c26a, correlation_id=07ec4c84-6859-42f0-9bca-f832c9c2d290
[2026-05-30 12:58:40,137] INFO - FastAPI-Feedback - Request completed - method=POST, path=/api/feedback, status_code=201, correlation_id=07ec4c84-6859-42f0-9bca-f832c9c2d290
[2026-05-30 12:58:43,012] WARNING - FastAPI-Feedback - Missing API key in request
[2026-05-30 12:58:43,012] ERROR - FastAPI-Feedback - API Error - type=AuthenticationError, message=Invalid or missing API key, status_code=401, request_id=2d45a723-b86b-4921-8d67-61ee3095f2f9
[2026-05-30 12:58:43,012] INFO - FastAPI-Feedback - Request completed - method=GET, path=/admin, status_code=401, correlation_id=2d45a723-b86b-4921-8d67-61ee3095f2f9
